[07-Sep-2023 20:42:20 UTC] PHP Warning:  Undefined variable $qsid in /Users/sampilmoriba/Desktop/planty/app/public/wp-content/plugins/child-theme-configurator/includes/classes/CSS.php on line 958
[07-Sep-2023 20:42:20 UTC] PHP Warning:  Undefined variable $qsid in /Users/sampilmoriba/Desktop/planty/app/public/wp-content/plugins/child-theme-configurator/includes/classes/CSS.php on line 960
[07-Sep-2023 20:42:20 UTC] PHP Warning:  Undefined variable $qsid in /Users/sampilmoriba/Desktop/planty/app/public/wp-content/plugins/child-theme-configurator/includes/classes/CSS.php on line 967
[07-Sep-2023 20:42:20 UTC] PHP Warning:  Undefined variable $qsid in /Users/sampilmoriba/Desktop/planty/app/public/wp-content/plugins/child-theme-configurator/includes/classes/CSS.php on line 968
[07-Sep-2023 20:42:20 UTC] PHP Warning:  Undefined variable $qsid in /Users/sampilmoriba/Desktop/planty/app/public/wp-content/plugins/child-theme-configurator/includes/classes/CSS.php on line 971
[18-Sep-2023 11:33:00 UTC] PHP Parse error:  Unterminated comment starting line 16 in /Users/sampilmoriba/Desktop/planty/app/public/wp-content/themes/blankslate-child/header.php on line 16
[18-Sep-2023 11:33:02 UTC] PHP Parse error:  Unterminated comment starting line 16 in /Users/sampilmoriba/Desktop/planty/app/public/wp-content/themes/blankslate-child/header.php on line 16
[18-Sep-2023 11:33:23 UTC] PHP Parse error:  Unterminated comment starting line 16 in /Users/sampilmoriba/Desktop/planty/app/public/wp-content/themes/blankslate-child/header.php on line 16
[18-Sep-2023 11:33:23 UTC] PHP Parse error:  Unterminated comment starting line 16 in /Users/sampilmoriba/Desktop/planty/app/public/wp-content/themes/blankslate-child/header.php on line 16
[18-Sep-2023 11:33:27 UTC] PHP Parse error:  Unterminated comment starting line 16 in /Users/sampilmoriba/Desktop/planty/app/public/wp-content/themes/blankslate-child/header.php on line 16
[19-Sep-2023 09:10:52 UTC] PHP Warning:  Trying to access array offset on value of type bool in /Users/sampilmoriba/Desktop/planty/app/public/wp-content/themes/blankslate-child/header.php on line 20
[19-Sep-2023 09:11:04 UTC] PHP Warning:  Trying to access array offset on value of type bool in /Users/sampilmoriba/Desktop/planty/app/public/wp-content/themes/blankslate-child/header.php on line 20
[19-Sep-2023 09:11:21 UTC] PHP Warning:  Trying to access array offset on value of type bool in /Users/sampilmoriba/Desktop/planty/app/public/wp-content/themes/blankslate-child/header.php on line 20
[19-Sep-2023 09:11:52 UTC] PHP Warning:  Trying to access array offset on value of type bool in /Users/sampilmoriba/Desktop/planty/app/public/wp-content/themes/blankslate-child/header.php on line 20
[19-Sep-2023 11:26:54 UTC] PHP Warning:  Trying to access array offset on value of type bool in /Users/sampilmoriba/Desktop/planty/app/public/wp-content/themes/blankslate-child/header.php on line 20
[19-Sep-2023 11:27:05 UTC] PHP Warning:  Trying to access array offset on value of type bool in /Users/sampilmoriba/Desktop/planty/app/public/wp-content/themes/blankslate-child/header.php on line 20
[19-Sep-2023 11:31:33 UTC] PHP Warning:  Trying to access array offset on value of type bool in /Users/sampilmoriba/Desktop/planty/app/public/wp-content/themes/blankslate-child/header.php on line 20
[19-Sep-2023 11:31:49 UTC] PHP Warning:  Trying to access array offset on value of type bool in /Users/sampilmoriba/Desktop/planty/app/public/wp-content/themes/blankslate-child/header.php on line 20
[19-Sep-2023 11:31:55 UTC] PHP Warning:  Trying to access array offset on value of type bool in /Users/sampilmoriba/Desktop/planty/app/public/wp-content/themes/blankslate-child/header.php on line 20
[19-Sep-2023 11:32:09 UTC] PHP Warning:  Trying to access array offset on value of type bool in /Users/sampilmoriba/Desktop/planty/app/public/wp-content/themes/blankslate-child/header.php on line 20
[19-Sep-2023 11:32:14 UTC] PHP Warning:  Trying to access array offset on value of type bool in /Users/sampilmoriba/Desktop/planty/app/public/wp-content/themes/blankslate-child/header.php on line 20
[19-Sep-2023 11:32:16 UTC] PHP Warning:  Trying to access array offset on value of type bool in /Users/sampilmoriba/Desktop/planty/app/public/wp-content/themes/blankslate-child/header.php on line 20
[19-Sep-2023 11:32:21 UTC] PHP Warning:  Trying to access array offset on value of type bool in /Users/sampilmoriba/Desktop/planty/app/public/wp-content/themes/blankslate-child/header.php on line 20
[19-Sep-2023 11:43:28 UTC] PHP Warning:  Trying to access array offset on value of type bool in /Users/sampilmoriba/Desktop/planty/app/public/wp-content/themes/blankslate-child/header.php on line 20
[19-Sep-2023 12:50:52 UTC] PHP Warning:  Trying to access array offset on value of type bool in /Users/sampilmoriba/Desktop/planty/app/public/wp-content/themes/blankslate-child/header.php on line 20
[19-Sep-2023 12:50:52 UTC] PHP Warning:  Trying to access array offset on value of type bool in /Users/sampilmoriba/Desktop/planty/app/public/wp-content/themes/blankslate-child/header.php on line 20
[19-Sep-2023 12:50:54 UTC] PHP Warning:  Trying to access array offset on value of type bool in /Users/sampilmoriba/Desktop/planty/app/public/wp-content/themes/blankslate-child/header.php on line 20
[19-Sep-2023 12:50:54 UTC] PHP Warning:  Trying to access array offset on value of type bool in /Users/sampilmoriba/Desktop/planty/app/public/wp-content/themes/blankslate-child/header.php on line 20
[19-Sep-2023 12:50:58 UTC] PHP Warning:  Trying to access array offset on value of type bool in /Users/sampilmoriba/Desktop/planty/app/public/wp-content/themes/blankslate-child/header.php on line 20
[19-Sep-2023 12:51:16 UTC] PHP Warning:  Trying to access array offset on value of type bool in /Users/sampilmoriba/Desktop/planty/app/public/wp-content/themes/blankslate-child/header.php on line 20
[19-Sep-2023 12:59:15 UTC] PHP Warning:  Trying to access array offset on value of type bool in /Users/sampilmoriba/Desktop/planty/app/public/wp-content/themes/blankslate-child/header.php on line 20
[19-Sep-2023 13:31:10 UTC] PHP Warning:  Trying to access array offset on value of type bool in /Users/sampilmoriba/Desktop/planty/app/public/wp-content/themes/blankslate-child/header.php on line 20
[19-Sep-2023 13:31:10 UTC] PHP Warning:  Trying to access array offset on value of type bool in /Users/sampilmoriba/Desktop/planty/app/public/wp-content/themes/blankslate-child/header.php on line 20
[19-Sep-2023 13:31:11 UTC] PHP Warning:  Trying to access array offset on value of type bool in /Users/sampilmoriba/Desktop/planty/app/public/wp-content/themes/blankslate-child/header.php on line 20
[19-Sep-2023 13:33:59 UTC] PHP Warning:  Trying to access array offset on value of type bool in /Users/sampilmoriba/Desktop/planty/app/public/wp-content/themes/blankslate-child/header.php on line 20
[19-Sep-2023 13:39:50 UTC] PHP Warning:  Trying to access array offset on value of type bool in /Users/sampilmoriba/Desktop/planty/app/public/wp-content/themes/blankslate-child/header.php on line 15
[19-Sep-2023 13:39:51 UTC] PHP Warning:  Trying to access array offset on value of type bool in /Users/sampilmoriba/Desktop/planty/app/public/wp-content/themes/blankslate-child/header.php on line 15
[19-Sep-2023 13:45:13 UTC] PHP Warning:  Trying to access array offset on value of type bool in /Users/sampilmoriba/Desktop/planty/app/public/wp-content/themes/blankslate-child/header.php on line 15
[20-Sep-2023 08:17:45 UTC] PHP Warning:  Trying to access array offset on value of type bool in /Users/sampilmoriba/Desktop/planty/app/public/wp-content/themes/blankslate-child/header.php on line 15
[20-Sep-2023 08:17:45 UTC] PHP Warning:  Trying to access array offset on value of type bool in /Users/sampilmoriba/Desktop/planty/app/public/wp-content/themes/blankslate-child/header.php on line 15
[20-Sep-2023 08:17:48 UTC] PHP Warning:  Trying to access array offset on value of type bool in /Users/sampilmoriba/Desktop/planty/app/public/wp-content/themes/blankslate-child/header.php on line 15
[21-Sep-2023 19:14:57 UTC] PHP Parse error:  syntax error, unexpected single-quoted string "container", expecting "]" in /Users/sampilmoriba/Desktop/planty/app/public/wp-content/themes/blankslate-child/header.php on line 22
[21-Sep-2023 19:19:28 UTC] PHP Parse error:  syntax error, unexpected single-quoted string "container", expecting "]" in /Users/sampilmoriba/Desktop/planty/app/public/wp-content/themes/blankslate-child/header.php on line 22
[21-Sep-2023 19:19:32 UTC] PHP Parse error:  syntax error, unexpected single-quoted string "container", expecting "]" in /Users/sampilmoriba/Desktop/planty/app/public/wp-content/themes/blankslate-child/header.php on line 22
[21-Sep-2023 19:19:34 UTC] PHP Parse error:  syntax error, unexpected single-quoted string "container", expecting "]" in /Users/sampilmoriba/Desktop/planty/app/public/wp-content/themes/blankslate-child/header.php on line 22
[21-Sep-2023 19:20:01 UTC] PHP Parse error:  syntax error, unexpected single-quoted string "container", expecting "]" in /Users/sampilmoriba/Desktop/planty/app/public/wp-content/themes/blankslate-child/header.php on line 22
[21-Sep-2023 19:25:40 UTC] PHP Parse error:  syntax error, unexpected single-quoted string "container", expecting "]" in /Users/sampilmoriba/Desktop/planty/app/public/wp-content/themes/blankslate-child/footer.php on line 7
[30-Sep-2023 20:27:59 UTC] PHP Parse error:  syntax error, unexpected end of file, expecting "elseif" or "else" or "endif" in /Users/sampilmoriba/Desktop/planty/app/public/wp-content/themes/blankslate-child/header.php on line 30
[08-Oct-2023 22:09:20 UTC] PHP Parse error:  syntax error, unexpected token "if" in /Users/sampilmoriba/Desktop/planty/app/public/wp-content/themes/blankslate-child/functions.php on line 46
[08-Oct-2023 22:09:21 UTC] PHP Parse error:  syntax error, unexpected token "if" in /Users/sampilmoriba/Desktop/planty/app/public/wp-content/themes/blankslate-child/functions.php on line 46
[08-Oct-2023 22:11:49 UTC] PHP Parse error:  syntax error, unexpected token "if" in /Users/sampilmoriba/Desktop/planty/app/public/wp-content/themes/blankslate-child/functions.php on line 46
[08-Oct-2023 22:11:49 UTC] PHP Warning:  Trying to access array offset on value of type bool in /Users/sampilmoriba/Desktop/planty/app/public/wp-includes/class-wp-recovery-mode-email-service.php on line 367
[08-Oct-2023 22:11:49 UTC] PHP Warning:  Trying to access array offset on value of type bool in /Users/sampilmoriba/Desktop/planty/app/public/wp-includes/class-wp-recovery-mode-email-service.php on line 368
[08-Oct-2023 22:11:49 UTC] PHP Parse error:  syntax error, unexpected token "if" in /Users/sampilmoriba/Desktop/planty/app/public/wp-content/themes/blankslate-child/functions.php on line 46
[08-Oct-2023 22:11:56 UTC] PHP Parse error:  syntax error, unexpected token "if" in /Users/sampilmoriba/Desktop/planty/app/public/wp-content/themes/blankslate-child/functions.php on line 46
[08-Oct-2023 22:11:56 UTC] PHP Parse error:  syntax error, unexpected token "if" in /Users/sampilmoriba/Desktop/planty/app/public/wp-content/themes/blankslate-child/functions.php on line 46
[08-Oct-2023 22:18:43 UTC] PHP Parse error:  syntax error, unexpected token "if" in /Users/sampilmoriba/Desktop/planty/app/public/wp-content/themes/blankslate-child/functions.php on line 46
[08-Oct-2023 22:18:43 UTC] PHP Parse error:  syntax error, unexpected token "if" in /Users/sampilmoriba/Desktop/planty/app/public/wp-content/themes/blankslate-child/functions.php on line 46
[08-Oct-2023 22:18:44 UTC] PHP Parse error:  syntax error, unexpected token "if" in /Users/sampilmoriba/Desktop/planty/app/public/wp-content/themes/blankslate-child/functions.php on line 46
[08-Oct-2023 22:18:44 UTC] PHP Parse error:  syntax error, unexpected token "if" in /Users/sampilmoriba/Desktop/planty/app/public/wp-content/themes/blankslate-child/functions.php on line 46
[08-Oct-2023 22:18:44 UTC] PHP Parse error:  syntax error, unexpected token "if" in /Users/sampilmoriba/Desktop/planty/app/public/wp-content/themes/blankslate-child/functions.php on line 46
[08-Oct-2023 22:18:45 UTC] PHP Parse error:  syntax error, unexpected token "if" in /Users/sampilmoriba/Desktop/planty/app/public/wp-content/themes/blankslate-child/functions.php on line 46
[08-Oct-2023 22:18:45 UTC] PHP Parse error:  syntax error, unexpected token "if" in /Users/sampilmoriba/Desktop/planty/app/public/wp-content/themes/blankslate-child/functions.php on line 46
[08-Oct-2023 22:18:45 UTC] PHP Parse error:  syntax error, unexpected token "if" in /Users/sampilmoriba/Desktop/planty/app/public/wp-content/themes/blankslate-child/functions.php on line 46
[08-Oct-2023 22:18:46 UTC] PHP Parse error:  syntax error, unexpected token "if" in /Users/sampilmoriba/Desktop/planty/app/public/wp-content/themes/blankslate-child/functions.php on line 46
[08-Oct-2023 22:18:46 UTC] PHP Parse error:  syntax error, unexpected token "if" in /Users/sampilmoriba/Desktop/planty/app/public/wp-content/themes/blankslate-child/functions.php on line 46
[08-Oct-2023 23:13:39 UTC] PHP Parse error:  syntax error, unexpected token "if" in /Users/sampilmoriba/Desktop/planty/app/public/wp-content/themes/blankslate-child/functions.php on line 46
[08-Oct-2023 23:13:39 UTC] PHP Parse error:  syntax error, unexpected token "if" in /Users/sampilmoriba/Desktop/planty/app/public/wp-content/themes/blankslate-child/functions.php on line 46
[08-Oct-2023 23:13:40 UTC] PHP Parse error:  syntax error, unexpected token "if" in /Users/sampilmoriba/Desktop/planty/app/public/wp-content/themes/blankslate-child/functions.php on line 46
[08-Oct-2023 23:13:40 UTC] PHP Parse error:  syntax error, unexpected token "if" in /Users/sampilmoriba/Desktop/planty/app/public/wp-content/themes/blankslate-child/functions.php on line 46
[08-Oct-2023 23:13:41 UTC] PHP Parse error:  syntax error, unexpected token "if" in /Users/sampilmoriba/Desktop/planty/app/public/wp-content/themes/blankslate-child/functions.php on line 46
[08-Oct-2023 23:13:41 UTC] PHP Parse error:  syntax error, unexpected token "if" in /Users/sampilmoriba/Desktop/planty/app/public/wp-content/themes/blankslate-child/functions.php on line 46
[08-Oct-2023 23:13:41 UTC] PHP Parse error:  syntax error, unexpected token "if" in /Users/sampilmoriba/Desktop/planty/app/public/wp-content/themes/blankslate-child/functions.php on line 46
[08-Oct-2023 23:13:41 UTC] PHP Parse error:  syntax error, unexpected token "if" in /Users/sampilmoriba/Desktop/planty/app/public/wp-content/themes/blankslate-child/functions.php on line 46
[08-Oct-2023 23:13:41 UTC] PHP Parse error:  syntax error, unexpected token "if" in /Users/sampilmoriba/Desktop/planty/app/public/wp-content/themes/blankslate-child/functions.php on line 46
[08-Oct-2023 23:13:41 UTC] PHP Parse error:  syntax error, unexpected token "if" in /Users/sampilmoriba/Desktop/planty/app/public/wp-content/themes/blankslate-child/functions.php on line 46
[08-Oct-2023 23:13:42 UTC] PHP Parse error:  syntax error, unexpected token "if" in /Users/sampilmoriba/Desktop/planty/app/public/wp-content/themes/blankslate-child/functions.php on line 46
[08-Oct-2023 23:13:42 UTC] PHP Parse error:  syntax error, unexpected token "if" in /Users/sampilmoriba/Desktop/planty/app/public/wp-content/themes/blankslate-child/functions.php on line 46
[08-Oct-2023 23:13:42 UTC] PHP Parse error:  syntax error, unexpected token "if" in /Users/sampilmoriba/Desktop/planty/app/public/wp-content/themes/blankslate-child/functions.php on line 46
[08-Oct-2023 23:13:42 UTC] PHP Parse error:  syntax error, unexpected token "if" in /Users/sampilmoriba/Desktop/planty/app/public/wp-content/themes/blankslate-child/functions.php on line 46
[08-Oct-2023 23:13:42 UTC] PHP Parse error:  syntax error, unexpected token "if" in /Users/sampilmoriba/Desktop/planty/app/public/wp-content/themes/blankslate-child/functions.php on line 46
[08-Oct-2023 23:13:42 UTC] PHP Parse error:  syntax error, unexpected token "if" in /Users/sampilmoriba/Desktop/planty/app/public/wp-content/themes/blankslate-child/functions.php on line 46
[10-Oct-2023 02:31:58 UTC] PHP Warning:  Une erreur imprévue est survenue. Il pourrait y avoir un problème avec WordPress.org ou la configuration de ce serveur. Si vous continuez à rencontrer ce problème, veuillez vous rendre sur les <a href="https://wpfr.net/support">forums de support</a>. (WordPress n’a pas pu établir de connexion sécurisée vers WordPress.org. Veuillez contacter l’administrateur ou l’administratrice de votre serveur.) in /Users/sampilmoriba/Desktop/planty/app/public/wp-includes/update.php on line 211
